Determining if the pthread_create exist failed with the following output:
Change Dir: /home/nhg/Desktop/Release_SeRoNet_v1.1/SeRoNet-Tooling-v1.1/ws/ComponentJoyCob4_3/smartsoft/build/CMakeFiles/CMakeTmp

Run Build Command:"/usr/bin/make" "cmTC_4e6cc/fast"
/usr/bin/make -f CMakeFiles/cmTC_4e6cc.dir/build.make CMakeFiles/cmTC_4e6cc.dir/build
make[1]: Entering directory '/home/nhg/Desktop/Release_SeRoNet_v1.1/SeRoNet-Tooling-v1.1/ws/ComponentJoyCob4_3/smartsoft/build/CMakeFiles/CMakeTmp'
Building C object CMakeFiles/cmTC_4e6cc.dir/CheckSymbolExists.c.o
/usr/bin/cc     -o CMakeFiles/cmTC_4e6cc.dir/CheckSymbolExists.c.o   -c /home/nhg/Desktop/Release_SeRoNet_v1.1/SeRoNet-Tooling-v1.1/ws/ComponentJoyCob4_3/smartsoft/build/CMakeFiles/CMakeTmp/CheckSymbolExists.c
Linking C executable cmTC_4e6cc
/usr/bin/cmake -E cmake_link_script CMakeFiles/cmTC_4e6cc.dir/link.txt --verbose=1
/usr/bin/cc       CMakeFiles/cmTC_4e6cc.dir/CheckSymbolExists.c.o  -o cmTC_4e6cc -rdynamic 
CMakeFiles/cmTC_4e6cc.dir/CheckSymbolExists.c.o: In function `main':
CheckSymbolExists.c:(.text+0x16): undefined reference to `pthread_create'
collect2: error: ld returned 1 exit status
CMakeFiles/cmTC_4e6cc.dir/build.make:97: recipe for target 'cmTC_4e6cc' failed
make[1]: *** [cmTC_4e6cc] Error 1
make[1]: Leaving directory '/home/nhg/Desktop/Release_SeRoNet_v1.1/SeRoNet-Tooling-v1.1/ws/ComponentJoyCob4_3/smartsoft/build/CMakeFiles/CMakeTmp'
Makefile:126: recipe for target 'cmTC_4e6cc/fast' failed
make: *** [cmTC_4e6cc/fast] Error 2

File /home/nhg/Desktop/Release_SeRoNet_v1.1/SeRoNet-Tooling-v1.1/ws/ComponentJoyCob4_3/smartsoft/build/CMakeFiles/CMakeTmp/CheckSymbolExists.c:
/* */
#include <pthread.h>

int main(int argc, char** argv)
{
  (void)argv;
#ifndef pthread_create
  return ((int*)(&pthread_create))[argc];
#else
  (void)argc;
  return 0;
#endif
}

Determining if the function pthread_create exists in the pthreads failed with the following output:
Change Dir: /home/nhg/Desktop/Release_SeRoNet_v1.1/SeRoNet-Tooling-v1.1/ws/ComponentJoyCob4_3/smartsoft/build/CMakeFiles/CMakeTmp

Run Build Command:"/usr/bin/make" "cmTC_30808/fast"
/usr/bin/make -f CMakeFiles/cmTC_30808.dir/build.make CMakeFiles/cmTC_30808.dir/build
make[1]: Entering directory '/home/nhg/Desktop/Release_SeRoNet_v1.1/SeRoNet-Tooling-v1.1/ws/ComponentJoyCob4_3/smartsoft/build/CMakeFiles/CMakeTmp'
Building C object CMakeFiles/cmTC_30808.dir/CheckFunctionExists.c.o
/usr/bin/cc    -DCHECK_FUNCTION_EXISTS=pthread_create   -o CMakeFiles/cmTC_30808.dir/CheckFunctionExists.c.o   -c /usr/share/cmake-3.5/Modules/CheckFunctionExists.c
Linking C executable cmTC_30808
/usr/bin/cmake -E cmake_link_script CMakeFiles/cmTC_30808.dir/link.txt --verbose=1
/usr/bin/cc   -DCHECK_FUNCTION_EXISTS=pthread_create    CMakeFiles/cmTC_30808.dir/CheckFunctionExists.c.o  -o cmTC_30808 -rdynamic -lpthreads 
/usr/bin/ld: cannot find -lpthreads
collect2: error: ld returned 1 exit status
CMakeFiles/cmTC_30808.dir/build.make:97: recipe for target 'cmTC_30808' failed
make[1]: *** [cmTC_30808] Error 1
make[1]: Leaving directory '/home/nhg/Desktop/Release_SeRoNet_v1.1/SeRoNet-Tooling-v1.1/ws/ComponentJoyCob4_3/smartsoft/build/CMakeFiles/CMakeTmp'
Makefile:126: recipe for target 'cmTC_30808/fast' failed
make: *** [cmTC_30808/fast] Error 2


